[INFO] Scanning for projects...
[INFO] 
[INFO] --------------------< com.aitech:rbac-full-backend >--------------------
[INFO] Building rbac-full-backend 1.0.0
[INFO]   from pom.xml
[INFO] --------------------------------[ jar ]---------------------------------
[INFO] 
[INFO] >>> spring-boot:3.2.5:run (default-cli) > test-compile @ rbac-full-backend >>>
[INFO] 
[INFO] --- resources:3.3.1:resources (default-resources) @ rbac-full-backend ---
[INFO] Copying 1 resource from src\main\resources to target\classes
[INFO] Copying 12 resources from src\main\resources to target\classes
[INFO] 
[INFO] --- compiler:3.11.0:compile (default-compile) @ rbac-full-backend ---
[INFO] Nothing to compile - all classes are up to date
[INFO] 
[INFO] --- resources:3.3.1:testResources (default-testResources) @ rbac-full-backend ---
[INFO] skip non existing resourceDirectory F:\java\rbac-backend\rbac-iam-like\backend\src\test\resources
[INFO] 
[INFO] --- compiler:3.11.0:testCompile (default-testCompile) @ rbac-full-backend ---
[INFO] Nothing to compile - all classes are up to date
[INFO] 
[INFO] <<< spring-boot:3.2.5:run (default-cli) < test-compile @ rbac-full-backend <<<
[INFO] 
[INFO] 
[INFO] --- spring-boot:3.2.5:run (default-cli) @ rbac-full-backend ---
[INFO] Attaching agents: []

  .   ____          _            __ _ _
 /\\ / ___'_ __ _ _(_)_ __  __ _ \ \ \ \
( ( )\___ | '_ | '_| | '_ \/ _` | \ \ \ \
 \\/  ___)| |_)| | | | | || (_| |  ) ) ) )
  '  |____| .__|_| |_|_| |_\__, | / / / /
 =========|_|==============|___/=/_/_/_/
 :: Spring Boot ::                (v3.2.5)

2026-01-02T01:53:22.672+07:00  INFO 7064 --- [           main] com.aitech.rbac.RbacApplication          : Starting RbacApplication using Java 17.0.10 with PID 7064 (F:\java\rbac-backend\rbac-iam-like\backend\target\classes started by thanh in F:\java\rbac-backend\rbac-iam-like\backend)
2026-01-02T01:53:22.675+07:00  INFO 7064 --- [           main] com.aitech.rbac.RbacApplication          : No active profile set, falling back to 1 default profile: "default"
2026-01-02T01:53:23.817+07:00  INFO 7064 --- [           main] o.s.b.w.embedded.tomcat.TomcatWebServer  : Tomcat initialized with port 8080 (http)
2026-01-02T01:53:23.824+07:00  INFO 7064 --- [           main] o.apache.catalina.core.StandardService   : Starting service [Tomcat]
2026-01-02T01:53:23.827+07:00  INFO 7064 --- [           main] o.apache.catalina.core.StandardEngine    : Starting Servlet engine: [Apache Tomcat/10.1.20]
2026-01-02T01:53:23.878+07:00  INFO 7064 --- [           main] o.a.c.c.C.[Tomcat].[localhost].[/]       : Initializing Spring embedded WebApplicationContext
2026-01-02T01:53:23.879+07:00  INFO 7064 --- [           main] w.s.c.ServletWebServerApplicationContext : Root WebApplicationContext: initialization completed in 1157 ms
2026-01-02T01:53:23.918+07:00  INFO 7064 --- [           main] com.zaxxer.hikari.HikariDataSource       : HikariPool-1 - Starting...
2026-01-02T01:53:24.052+07:00  INFO 7064 --- [           main] com.zaxxer.hikari.pool.HikariPool        : HikariPool-1 - Added connection conn0: url=jdbc:h2:mem:rbacdb user=SA
2026-01-02T01:53:24.053+07:00  INFO 7064 --- [           main] com.zaxxer.hikari.HikariDataSource       : HikariPool-1 - Start completed.
2026-01-02T01:53:24.062+07:00  INFO 7064 --- [           main] o.s.b.a.h2.H2ConsoleAutoConfiguration    : H2 console available at '/h2-console'. Database available at 'jdbc:h2:mem:rbacdb'
2026-01-02T01:53:24.826+07:00  INFO 7064 --- [           main] efaultSchemaResourceGraphQlSourceBuilder : Loaded 1 resource(s) in the GraphQL schema.
2026-01-02T01:53:24.991+07:00  INFO 7064 --- [           main] o.s.b.a.g.GraphQlAutoConfiguration       : GraphQL schema inspection:
	Unmapped fields: {}
	Unmapped registrations: {}
	Skipped types: []
2026-01-02T01:53:25.004+07:00  INFO 7064 --- [           main] s.b.a.g.s.GraphQlWebMvcAutoConfiguration : GraphQL endpoint HTTP POST /graphql
2026-01-02T01:53:25.047+07:00  INFO 7064 --- [           main] o.s.s.web.DefaultSecurityFilterChain     : Will secure any request with [org.springframework.security.web.session.DisableEncodeUrlFilter@3749c2b, org.springframework.security.web.context.request.async.WebAsyncManagerIntegrationFilter@32e65852, org.springframework.security.web.context.SecurityContextHolderFilter@2095c331, org.springframework.security.web.header.HeaderWriterFilter@58a8ea6f, org.springframework.web.filter.CorsFilter@64d93096, org.springframework.security.web.authentication.logout.LogoutFilter@4148ce43, com.aitech.rbac.config.JwtAuthenticationFilter@70fede7d, org.springframework.security.web.savedrequest.RequestCacheAwareFilter@7b795db7, org.springframework.security.web.servletapi.SecurityContextHolderAwareRequestFilter@586486c, org.springframework.security.web.authentication.AnonymousAuthenticationFilter@76ed7573, org.springframework.security.web.session.SessionManagementFilter@1191029d, org.springframework.security.web.access.ExceptionTranslationFilter@1d0dad12, org.springframework.security.web.access.intercept.AuthorizationFilter@521c67f0]
2026-01-02T01:53:25.225+07:00  WARN 7064 --- [           main] ConfigServletWebServerApplicationContext : Exception encountered during context initialization - cancelling refresh attempt: org.springframework.context.ApplicationContextException: Failed to start bean 'webServerStartStop'
2026-01-02T01:53:25.229+07:00  INFO 7064 --- [           main] com.zaxxer.hikari.HikariDataSource       : HikariPool-1 - Shutdown initiated...
2026-01-02T01:53:25.230+07:00  INFO 7064 --- [           main] com.zaxxer.hikari.HikariDataSource       : HikariPool-1 - Shutdown completed.
2026-01-02T01:53:25.241+07:00  INFO 7064 --- [           main] .s.b.a.l.ConditionEvaluationReportLogger : 

Error starting ApplicationContext. To display the condition evaluation report re-run your application with 'debug' enabled.
2026-01-02T01:53:25.252+07:00 ERROR 7064 --- [           main] o.s.b.d.LoggingFailureAnalysisReporter   : 

***************************
APPLICATION FAILED TO START
***************************

Description:

Web server failed to start. Port 8080 was already in use.

Action:

Identify and stop the process that's listening on port 8080 or configure this application to listen on another port.

[INFO] ------------------------------------------------------------------------
[INFO] BUILD FAILURE
[INFO] ------------------------------------------------------------------------
[INFO] Total time:  5.485 s
[INFO] Finished at: 2026-01-02T01:53:25+07:00
[INFO] ------------------------------------------------------------------------
[ERROR] Failed to execute goal org.springframework.boot:spring-boot-maven-plugin:3.2.5:run (default-cli) on project rbac-full-backend: Process terminated with exit code: 1 -> [Help 1]
[ERROR] 
[ERROR] To see the full stack trace of the errors, re-run Maven with the -e switch.
[ERROR] Re-run Maven using the -X switch to enable full debug logging.
[ERROR] 
[ERROR] For more information about the errors and possible solutions, please read the following articles:
[ERROR] [Help 1] http://cwiki.apache.org/confluence/display/MAVEN/MojoExecutionException
