[INFO] Scanning for projects...
[INFO] 
[INFO] --------------------< com.aitech:rbac-full-backend >--------------------
[INFO] Building rbac-full-backend 1.0.0
[INFO]   from pom.xml
[INFO] --------------------------------[ jar ]---------------------------------
[INFO] 
[INFO] >>> spring-boot:3.2.5:run (default-cli) > test-compile @ rbac-full-backend >>>
[INFO] 
[INFO] --- resources:3.3.1:resources (default-resources) @ rbac-full-backend ---
[INFO] Copying 1 resource from src\main\resources to target\classes
[INFO] Copying 12 resources from src\main\resources to target\classes
[INFO] 
[INFO] --- compiler:3.11.0:compile (default-compile) @ rbac-full-backend ---
[INFO] Nothing to compile - all classes are up to date
[INFO] 
[INFO] --- resources:3.3.1:testResources (default-testResources) @ rbac-full-backend ---
[INFO] skip non existing resourceDirectory F:\java\rbac-backend\rbac-iam-like\backend\src\test\resources
[INFO] 
[INFO] --- compiler:3.11.0:testCompile (default-testCompile) @ rbac-full-backend ---
[INFO] Nothing to compile - all classes are up to date
[INFO] 
[INFO] <<< spring-boot:3.2.5:run (default-cli) < test-compile @ rbac-full-backend <<<
[INFO] 
[INFO] 
[INFO] --- spring-boot:3.2.5:run (default-cli) @ rbac-full-backend ---
[INFO] Attaching agents: []

  .   ____          _            __ _ _
 /\\ / ___'_ __ _ _(_)_ __  __ _ \ \ \ \
( ( )\___ | '_ | '_| | '_ \/ _` | \ \ \ \
 \\/  ___)| |_)| | | | | || (_| |  ) ) ) )
  '  |____| .__|_| |_|_| |_\__, | / / / /
 =========|_|==============|___/=/_/_/_/
 :: Spring Boot ::                (v3.2.5)

2026-01-02T02:02:45.731+07:00  INFO 9932 --- [           main] com.aitech.rbac.RbacApplication          : Starting RbacApplication using Java 17.0.10 with PID 9932 (F:\java\rbac-backend\rbac-iam-like\backend\target\classes started by thanh in F:\java\rbac-backend\rbac-iam-like\backend)
2026-01-02T02:02:45.733+07:00  INFO 9932 --- [           main] com.aitech.rbac.RbacApplication          : No active profile set, falling back to 1 default profile: "default"
2026-01-02T02:02:47.069+07:00  INFO 9932 --- [           main] o.s.b.w.embedded.tomcat.TomcatWebServer  : Tomcat initialized with port 8080 (http)
2026-01-02T02:02:47.079+07:00  INFO 9932 --- [           main] o.apache.catalina.core.StandardService   : Starting service [Tomcat]
2026-01-02T02:02:47.080+07:00  INFO 9932 --- [           main] o.apache.catalina.core.StandardEngine    : Starting Servlet engine: [Apache Tomcat/10.1.20]
2026-01-02T02:02:47.143+07:00  INFO 9932 --- [           main] o.a.c.c.C.[Tomcat].[localhost].[/]       : Initializing Spring embedded WebApplicationContext
2026-01-02T02:02:47.145+07:00  INFO 9932 --- [           main] w.s.c.ServletWebServerApplicationContext : Root WebApplicationContext: initialization completed in 1360 ms
2026-01-02T02:02:47.179+07:00  INFO 9932 --- [           main] com.zaxxer.hikari.HikariDataSource       : HikariPool-1 - Starting...
2026-01-02T02:02:47.322+07:00  INFO 9932 --- [           main] com.zaxxer.hikari.pool.HikariPool        : HikariPool-1 - Added connection conn0: url=jdbc:h2:mem:rbacdb user=SA
2026-01-02T02:02:47.323+07:00  INFO 9932 --- [           main] com.zaxxer.hikari.HikariDataSource       : HikariPool-1 - Start completed.
2026-01-02T02:02:47.330+07:00  INFO 9932 --- [           main] o.s.b.a.h2.H2ConsoleAutoConfiguration    : H2 console available at '/h2-console'. Database available at 'jdbc:h2:mem:rbacdb'
2026-01-02T02:02:48.232+07:00  INFO 9932 --- [           main] efaultSchemaResourceGraphQlSourceBuilder : Loaded 1 resource(s) in the GraphQL schema.
2026-01-02T02:02:48.380+07:00  INFO 9932 --- [           main] o.s.b.a.g.GraphQlAutoConfiguration       : GraphQL schema inspection:
	Unmapped fields: {}
	Unmapped registrations: {}
	Skipped types: []
2026-01-02T02:02:48.391+07:00  INFO 9932 --- [           main] s.b.a.g.s.GraphQlWebMvcAutoConfiguration : GraphQL endpoint HTTP POST /graphql
2026-01-02T02:02:48.434+07:00  INFO 9932 --- [           main] o.s.s.web.DefaultSecurityFilterChain     : Will secure any request with [org.springframework.security.web.session.DisableEncodeUrlFilter@215a0264, org.springframework.security.web.context.request.async.WebAsyncManagerIntegrationFilter@45832b85, org.springframework.security.web.context.SecurityContextHolderFilter@4feec184, org.springframework.security.web.header.HeaderWriterFilter@66b90ab3, org.springframework.web.filter.CorsFilter@103478b8, org.springframework.security.web.authentication.logout.LogoutFilter@602a3237, com.aitech.rbac.config.JwtAuthenticationFilter@2bba35ef, org.springframework.security.web.savedrequest.RequestCacheAwareFilter@3278d065, org.springframework.security.web.servletapi.SecurityContextHolderAwareRequestFilter@545f0b6, org.springframework.security.web.authentication.AnonymousAuthenticationFilter@270f7b4d, org.springframework.security.web.session.SessionManagementFilter@5b895e76, org.springframework.security.web.access.ExceptionTranslationFilter@35d4035f, org.springframework.security.web.access.intercept.AuthorizationFilter@3a3bc0da]
2026-01-02T02:02:48.636+07:00  WARN 9932 --- [           main] ConfigServletWebServerApplicationContext : Exception encountered during context initialization - cancelling refresh attempt: org.springframework.context.ApplicationContextException: Failed to start bean 'webServerStartStop'
2026-01-02T02:02:48.640+07:00  INFO 9932 --- [           main] com.zaxxer.hikari.HikariDataSource       : HikariPool-1 - Shutdown initiated...
2026-01-02T02:02:48.641+07:00  INFO 9932 --- [           main] com.zaxxer.hikari.HikariDataSource       : HikariPool-1 - Shutdown completed.
2026-01-02T02:02:48.653+07:00  INFO 9932 --- [           main] .s.b.a.l.ConditionEvaluationReportLogger : 

Error starting ApplicationContext. To display the condition evaluation report re-run your application with 'debug' enabled.
2026-01-02T02:02:48.661+07:00 ERROR 9932 --- [           main] o.s.b.d.LoggingFailureAnalysisReporter   : 

***************************
APPLICATION FAILED TO START
***************************

Description:

Web server failed to start. Port 8080 was already in use.

Action:

Identify and stop the process that's listening on port 8080 or configure this application to listen on another port.

[INFO] ------------------------------------------------------------------------
[INFO] BUILD FAILURE
[INFO] ------------------------------------------------------------------------
[INFO] Total time:  5.818 s
[INFO] Finished at: 2026-01-02T02:02:48+07:00
[INFO] ------------------------------------------------------------------------
[ERROR] Failed to execute goal org.springframework.boot:spring-boot-maven-plugin:3.2.5:run (default-cli) on project rbac-full-backend: Process terminated with exit code: 1 -> [Help 1]
[ERROR] 
[ERROR] To see the full stack trace of the errors, re-run Maven with the -e switch.
[ERROR] Re-run Maven using the -X switch to enable full debug logging.
[ERROR] 
[ERROR] For more information about the errors and possible solutions, please read the following articles:
[ERROR] [Help 1] http://cwiki.apache.org/confluence/display/MAVEN/MojoExecutionException
